================================================================================
== Profile: REAL-TIME, CPU-freq = 0.00 GHz
                                                          Calls Real-Time  Parent 
                                                                   (secs) fraction

    <zixl_543IiP35>~_zixl                                                1 20746288702.0 (100.0%)
  zixl_z57-ZAiL~_zixl                                                    1 20746288702.0         
    zixl_iSe2-4IPr155~_zixl                                              1 1252003762.0 (  6.0%)
      zixl_tP42-1eAyPIA2iPL~_zixl                                        1 686961770.0 ( 54.9%)
        zixl_tP42-ZAiL~_zixl                                             1 587748348.0 ( 85.6%)
          zixl_bgV-NIAL5eA2iPL~_zixl                                     1 194906759.0 ( 33.2%)
            zixl_V91rdrP41 [R]~_zixl                                   106 33864680.0 ( 17.4%)
            zixl_iSe2-2IAL5eA21-tePq~_zixl                               6 15419212.0 (  7.9%)
              zixl_2IAL5eA2iLq~_zixl                                     6 15092370.0 ( 97.9%)
                zixl_2IAL5eA21-tePq~_zixl                                6 4408556.0 ( 29.2%)
                <zixl_I152>~_zixl                                          10628062.0 ( 70.4%)
              <zixl_I152>~_zixl                                             326842.0 (  2.1%)
            <zixl_I152>~_zixl                                              145622867.0 ( 74.7%)
          zixl_eiL2-4I1-1eAy-rAeeyAr8~_zixl                             24 55401754.0 (  9.4%)
            zixl_V91rdrP41 [E]~_zixl                                     8 5125662.0 (  9.3%)
            <zixl_I152>~_zixl                                              50276092.0 ( 90.7%)
          <zixl_I152>~_zixl                                                336360519.0 ( 57.2%)
        <zixl_I152>~_zixl                                                  99213422.0 ( 14.4%)
      zixl_bgV-I152PI1-UPI8-ZA44iLq~_zixl                                1 233843968.0 ( 18.7%)
      zixl_5At1-tP42-SA2A~_zixl                                          1 13769026.0 (  1.1%)
        zixl_iSe2-5At1~_zixl                                             1 13764906.0 (100.0%)
          zixl_42-5At1~_zixl                                             6 9459170.0 ( 68.7%)
          zixl_iSe2-32q-5At1~_zixl                                       1 2207498.0 ( 16.0%)
          zixl_4rSy-5At1-iL21IZ1SiA21~_zixl                              1  842156.0 (  6.1%)
          <zixl_I152>~_zixl                                                1256082.0 (  9.1%)
      <zixl_I152>~_zixl                                                    308392748.0 ( 24.6%)
    <zixl_I152>~_zixl                                                      19494262802.0 ( 94.0%)


================================================================================
== Profile: PEAK-MEMORY, CPU-freq = 0.00 GHz
                                                          Calls   Peak-Mb         
                                                                                  

